2022-02-25 03:24:00,458 ERROR 7402 nodejs.ClusterClientNoResponseError: client no response in 6485336ms exceeding maxIdleTime 60000ms, maybe the connection is close on other side.
    at Timeout._onTimeout (/Users/h/partTimeJob/exchange-fe-home-privatization-master/node_modules/cluster-client/lib/leader.js:77:23)
    at listOnTimeout (internal/timers.js:555:17)
    at processTimers (internal/timers.js:498:7)
name: "ClusterClientNoResponseError"
pid: 7402
hostname: HdeMacBook-Pro.local

2022-02-25 03:31:11,073 ERROR 7402 nodejs.ClusterClientNoResponseError: client no response in 430353ms exceeding maxIdleTime 60000ms, maybe the connection is close on other side.
    at Timeout._onTimeout (/Users/h/partTimeJob/exchange-fe-home-privatization-master/node_modules/cluster-client/lib/leader.js:77:23)
    at listOnTimeout (internal/timers.js:555:17)
    at processTimers (internal/timers.js:498:7)
name: "ClusterClientNoResponseError"
pid: 7402
hostname: HdeMacBook-Pro.local

2022-02-25 05:12:53,462 ERROR 7402 nodejs.ClusterClientNoResponseError: client no response in 6082020ms exceeding maxIdleTime 60000ms, maybe the connection is close on other side.
    at Timeout._onTimeout (/Users/h/partTimeJob/exchange-fe-home-privatization-master/node_modules/cluster-client/lib/leader.js:77:23)
    at listOnTimeout (internal/timers.js:555:17)
    at processTimers (internal/timers.js:498:7)
name: "ClusterClientNoResponseError"
pid: 7402
hostname: HdeMacBook-Pro.local

2022-02-25 07:01:00,375 ERROR 7402 nodejs.ClusterClientNoResponseError: client no response in 6486654ms exceeding maxIdleTime 60000ms, maybe the connection is close on other side.
    at Timeout._onTimeout (/Users/h/partTimeJob/exchange-fe-home-privatization-master/node_modules/cluster-client/lib/leader.js:77:23)
    at listOnTimeout (internal/timers.js:555:17)
    at processTimers (internal/timers.js:498:7)
name: "ClusterClientNoResponseError"
pid: 7402
hostname: HdeMacBook-Pro.local

2022-02-25 08:49:07,147 ERROR 7402 nodejs.ClusterClientNoResponseError: client no response in 6486595ms exceeding maxIdleTime 60000ms, maybe the connection is close on other side.
    at Timeout._onTimeout (/Users/h/partTimeJob/exchange-fe-home-privatization-master/node_modules/cluster-client/lib/leader.js:77:23)
    at listOnTimeout (internal/timers.js:555:17)
    at processTimers (internal/timers.js:498:7)
name: "ClusterClientNoResponseError"
pid: 7402
hostname: HdeMacBook-Pro.local

2022-02-25 08:56:18,071 ERROR 7402 nodejs.ClusterClientNoResponseError: client no response in 430741ms exceeding maxIdleTime 60000ms, maybe the connection is close on other side.
    at Timeout._onTimeout (/Users/h/partTimeJob/exchange-fe-home-privatization-master/node_modules/cluster-client/lib/leader.js:77:23)
    at listOnTimeout (internal/timers.js:555:17)
    at processTimers (internal/timers.js:498:7)
name: "ClusterClientNoResponseError"
pid: 7402
hostname: HdeMacBook-Pro.local

2022-02-25 22:08:33,699 ERROR 7402 nodejs.ClusterClientNoResponseError: client no response in 47535115ms exceeding maxIdleTime 60000ms, maybe the connection is close on other side.
    at Timeout._onTimeout (/Users/h/partTimeJob/exchange-fe-home-privatization-master/node_modules/cluster-client/lib/leader.js:77:23)
    at listOnTimeout (internal/timers.js:555:17)
    at processTimers (internal/timers.js:498:7)
name: "ClusterClientNoResponseError"
pid: 7402
hostname: HdeMacBook-Pro.local

2022-02-25 22:20:32,448 ERROR 7402 nodejs.ClusterClientNoResponseError: client no response in 520501ms exceeding maxIdleTime 60000ms, maybe the connection is close on other side.
    at Timeout._onTimeout (/Users/h/partTimeJob/exchange-fe-home-privatization-master/node_modules/cluster-client/lib/leader.js:77:23)
    at listOnTimeout (internal/timers.js:555:17)
    at processTimers (internal/timers.js:498:7)
name: "ClusterClientNoResponseError"
pid: 7402
hostname: HdeMacBook-Pro.local

2022-02-25 22:25:11,366 ERROR 7402 nodejs.ClusterClientNoResponseError: client no response in 238911ms exceeding maxIdleTime 60000ms, maybe the connection is close on other side.
    at Timeout._onTimeout (/Users/h/partTimeJob/exchange-fe-home-privatization-master/node_modules/cluster-client/lib/leader.js:77:23)
    at listOnTimeout (internal/timers.js:555:17)
    at processTimers (internal/timers.js:498:7)
name: "ClusterClientNoResponseError"
pid: 7402
hostname: HdeMacBook-Pro.local

2022-02-25 22:35:48,600 ERROR 7402 nodejs.ClusterClientNoResponseError: client no response in 597216ms exceeding maxIdleTime 60000ms, maybe the connection is close on other side.
    at Timeout._onTimeout (/Users/h/partTimeJob/exchange-fe-home-privatization-master/node_modules/cluster-client/lib/leader.js:77:23)
    at listOnTimeout (internal/timers.js:555:17)
    at processTimers (internal/timers.js:498:7)
name: "ClusterClientNoResponseError"
pid: 7402
hostname: HdeMacBook-Pro.local

