2022-03-19 01:49:48,209 INFO 43395 [egg-schedule]: register schedule /Users/safahi/Documents/GitHub/Exchange-Fe-Home-Privitization-Master/node_modules/egg-multipart/app/schedule/clean_tmpdir.js
2022-03-19 01:49:48,209 INFO 43395 [egg-schedule]: register schedule /Users/safahi/Documents/GitHub/Exchange-Fe-Home-Privitization-Master/node_modules/egg-logrotator/app/schedule/clean_log.js
2022-03-19 01:49:48,209 INFO 43395 [egg-schedule]: register schedule /Users/safahi/Documents/GitHub/Exchange-Fe-Home-Privitization-Master/node_modules/egg-logrotator/app/schedule/rotate_by_file.js
2022-03-19 01:49:48,209 INFO 43395 [egg-schedule]: register schedule /Users/safahi/Documents/GitHub/Exchange-Fe-Home-Privitization-Master/app/schedule/remove-log.js
2022-03-19 01:49:48,337 INFO 43395 [Timer] /Users/safahi/Documents/GitHub/Exchange-Fe-Home-Privitization-Master/node_modules/egg-multipart/app/schedule/clean_tmpdir.js next time will execute after 9611664ms at 2022-03-19 04:30:00.001
2022-03-19 01:49:48,338 INFO 43395 [Timer] /Users/safahi/Documents/GitHub/Exchange-Fe-Home-Privitization-Master/node_modules/egg-logrotator/app/schedule/clean_log.js next time will execute after 79811662ms at 2022-03-20 00:00:00.000
2022-03-19 01:49:48,338 INFO 43395 [Timer] /Users/safahi/Documents/GitHub/Exchange-Fe-Home-Privitization-Master/node_modules/egg-logrotator/app/schedule/rotate_by_file.js next time will execute after 79812662ms at 2022-03-20 00:00:01.000
2022-03-19 01:49:48,338 INFO 43395 [Timer] /Users/safahi/Documents/GitHub/Exchange-Fe-Home-Privitization-Master/app/schedule/remove-log.js next time will execute immediate
2022-03-19 01:49:48,339 INFO 43395 [Timer] /Users/safahi/Documents/GitHub/Exchange-Fe-Home-Privitization-Master/app/schedule/remove-log.js next time will execute after 86400000ms at 2022-03-20 01:49:48.339
2022-03-19 01:53:08,762 INFO 44396 [Timer] /Users/safahi/Documents/GitHub/Exchange-Fe-Home-Privitization-Master/node_modules/egg-multipart/app/schedule/clean_tmpdir.js next time will execute after 9411239ms at 2022-03-19 04:30:00.001
2022-03-19 01:53:08,763 INFO 44396 [Timer] /Users/safahi/Documents/GitHub/Exchange-Fe-Home-Privitization-Master/node_modules/egg-logrotator/app/schedule/clean_log.js next time will execute after 79611238ms at 2022-03-20 00:00:00.001
2022-03-19 01:53:08,763 INFO 44396 [Timer] /Users/safahi/Documents/GitHub/Exchange-Fe-Home-Privitization-Master/node_modules/egg-logrotator/app/schedule/rotate_by_file.js next time will execute after 79612237ms at 2022-03-20 00:00:01.000
2022-03-19 01:53:08,763 INFO 44396 [Timer] /Users/safahi/Documents/GitHub/Exchange-Fe-Home-Privitization-Master/app/schedule/remove-log.js next time will execute immediate
2022-03-19 01:53:08,763 INFO 44396 [Timer] /Users/safahi/Documents/GitHub/Exchange-Fe-Home-Privitization-Master/app/schedule/remove-log.js next time will execute after 86400000ms at 2022-03-20 01:53:08.763
2022-03-19 01:53:08,654 INFO 44398 [egg-schedule]: register schedule /Users/safahi/Documents/GitHub/Exchange-Fe-Home-Privitization-Master/node_modules/egg-multipart/app/schedule/clean_tmpdir.js
2022-03-19 01:53:08,654 INFO 44398 [egg-schedule]: register schedule /Users/safahi/Documents/GitHub/Exchange-Fe-Home-Privitization-Master/node_modules/egg-logrotator/app/schedule/clean_log.js
2022-03-19 01:53:08,654 INFO 44398 [egg-schedule]: register schedule /Users/safahi/Documents/GitHub/Exchange-Fe-Home-Privitization-Master/node_modules/egg-logrotator/app/schedule/rotate_by_file.js
2022-03-19 01:53:08,654 INFO 44398 [egg-schedule]: register schedule /Users/safahi/Documents/GitHub/Exchange-Fe-Home-Privitization-Master/app/schedule/remove-log.js
2022-03-19 01:53:08,764 INFO 44398 [Job#164767998876375238692255411] /Users/safahi/Documents/GitHub/Exchange-Fe-Home-Privitization-Master/app/schedule/remove-log.js executing by app
2022-03-19 01:53:08,764 INFO 44398 [Job#164767998876375238692255411] /Users/safahi/Documents/GitHub/Exchange-Fe-Home-Privitization-Master/app/schedule/remove-log.js execute succeed, used 0ms. 
